{"/Users/richardlam/Desktop/Projects/MyTube/src/components/Comment.tsx": {"path":"/Users/richardlam/Desktop/Projects/MyTube/src/components/Comment.tsx","statementMap":{"0":{"start":{"line":13,"column":46},"end":{"line":13,"column":56}},"1":{"start":{"line":15,"column":24},"end":{"line":15,"column":58}},"2":{"start":{"line":17,"column":4},"end":{"line":30,"column":6}}},"fnMap":{"0":{"name":"(anonymous_0)","decl":{"start":{"line":12,"column":2},"end":{"line":12,"column":3}},"loc":{"start":{"line":12,"column":11},"end":{"line":31,"column":3}},"line":12}},"branchMap":{},"s":{"0":1,"1":1,"2":1},"f":{"0":1},"b":{},"_coverageSchema":"43e27e138ebf9cfc5966b082cf9a028302ed4184","hash":"8c788335cc9aa94b5be4f2eba2e151da0dfd2b12"}
}
